This file contains any messages produced by compilers while
running configure, to aid debugging if configure makes a mistake.

It was created by configure, which was
generated by GNU Autoconf 2.69.  Invocation command line was

  $ ./configure 

## --------- ##
## Platform. ##
## --------- ##

hostname = ubunttest-VirtualBox
uname -m = x86_64
uname -r = 5.4.0-144-generic
uname -s = Linux
uname -v = #161~18.04.1-Ubuntu SMP Fri Feb 10 15:55:22 UTC 2023

/usr/bin/uname -p = unknown
/bin/uname -X     = unknown

/bin/arch              = unknown
/usr/bin/arch -k       = unknown
/usr/convex/getsysinfo = unknown
/usr/bin/hostinfo      = unknown
/bin/machine           = unknown
/usr/bin/oslevel       = unknown
/bin/universe          = unknown

PATH: /usr/local/sbin
PATH: /usr/local/bin
PATH: /usr/sbin
PATH: /usr/bin
PATH: /sbin
PATH: /bin
PATH: /usr/games
PATH: /usr/local/games
PATH: /snap/bin


## ----------- ##
## Core tests. ##
## ----------- ##

configure:3286: checking build system type
configure:3300: result: x86_64-pc-linux-gnu
configure:3320: checking host system type
configure:3333: result: x86_64-pc-linux-gnu
configure:3371: checking host system type... x86_64-pc-linux-gnu
configure:3470: checking /home/ubunt-test/Downloads/star/repos/XSB/lib
configure:3472: result: OK
configure:3477: checking /home/ubunt-test/Downloads/star/repos/XSB/syslib
configure:3479: result: OK
configure:3484: checking /home/ubunt-test/Downloads/star/repos/XSB/cmplib
configure:3486: result: OK
configure:3497: checking /home/ubunt-test/Downloads/star/repos/XSB/bin
configure:3499: result: OK
configure:3504: checking /home/ubunt-test/Downloads/star/repos/XSB/config/x86_64-pc-linux-gnu/bin
configure:3506: result: OK
configure:3511: checking /home/ubunt-test/Downloads/star/repos/XSB/config/x86_64-pc-linux-gnu/lib
configure:3513: result: OK
configure:3518: checking /home/ubunt-test/Downloads/star/repos/XSB/config/x86_64-pc-linux-gnu/saved.o
configure:3520: result: OK
configure:3525: checking /home/ubunt-test/Downloads/star/repos/XSB/site/lib
configure:3527: result: OK
configure:3532: checking /home/ubunt-test/Downloads/star/repos/XSB/site/config/x86_64-pc-linux-gnu/lib
configure:3534: result: OK
configure:3539: checking /home/ubunt-test/Downloads/star/repos/XSB/emu
configure:3541: result: OK
configure:3546: checking /home/ubunt-test/Downloads/star/repos/XSB/lib
configure:3548: result: OK
configure:3553: checking /home/ubunt-test/Downloads/star/repos/XSB/syslib
configure:3555: result: OK
configure:3560: checking /home/ubunt-test/Downloads/star/repos/XSB/cmplib
configure:3562: result: OK
configure:3567: checking /home/ubunt-test/Downloads/star/repos/XSB/bin
configure:3569: result: OK
configure:3574: checking /home/ubunt-test/Downloads/star/repos/XSB/build
configure:3576: result: OK
configure:3581: checking /home/ubunt-test/Downloads/star/repos/XSB/config/x86_64-pc-linux-gnu/bin
configure:3583: result: OK
configure:3588: checking /home/ubunt-test/Downloads/star/repos/XSB/config/x86_64-pc-linux-gnu/lib
configure:3590: result: OK
configure:3595: checking /home/ubunt-test/Downloads/star/repos/XSB/config/x86_64-pc-linux-gnu/saved.o
configure:3597: result: OK
configure:3602: checking /home/ubunt-test/Downloads/star/repos/XSB/etc
configure:3604: result: OK
configure:3609: checking /home/ubunt-test/Downloads/star/repos/XSB/packages
configure:3611: result: OK
configure:3616: checking /home/ubunt-test/Downloads/star/repos/XSB/packages/xmc
configure:3618: result: OK
configure:3623: checking /home/ubunt-test/Downloads/star/repos/XSB/examples
configure:3625: result: OK
configure:3630: checking /home/ubunt-test/Downloads/star/repos/XSB/prolog_includes
configure:3632: result: OK
configure:3698: checking for gcc
configure:3714: found /usr/bin/gcc
configure:3725: result: gcc
configure:3954: checking for C compiler version
configure:3963: gcc --version >&5
gcc (Ubuntu 7.5.0-3ubuntu1~18.04) 7.5.0
Copyright (C) 2017 Free Software Foundation, Inc.
This is free software; see the source for copying conditions.  There is NO
warranty; not even for MERCHANTABILITY or FITNESS FOR A PARTICULAR PURPOSE.

configure:3974: $? = 0
configure:3963: gcc -v >&5
Using built-in specs.
COLLECT_GCC=gcc
COLLECT_LTO_WRAPPER=/usr/lib/gcc/x86_64-linux-gnu/7/lto-wrapper
OFFLOAD_TARGET_NAMES=nvptx-none
OFFLOAD_TARGET_DEFAULT=1
Target: x86_64-linux-gnu
Configured with: ../src/configure -v --with-pkgversion='Ubuntu 7.5.0-3ubuntu1~18.04' --with-bugurl=file:///usr/share/doc/gcc-7/README.Bugs --enable-languages=c,ada,c++,go,brig,d,fortran,objc,obj-c++ --prefix=/usr --with-gcc-major-version-only --program-suffix=-7 --program-prefix=x86_64-linux-gnu- --enable-shared --enable-linker-build-id --libexecdir=/usr/lib --without-included-gettext --enable-threads=posix --libdir=/usr/lib --enable-nls --enable-bootstrap --enable-clocale=gnu --enable-libstdcxx-debug --enable-libstdcxx-time=yes --with-default-libstdcxx-abi=new --enable-gnu-unique-object --disable-vtable-verify --enable-libmpx --enable-plugin --enable-default-pie --with-system-zlib --with-target-system-zlib --enable-objc-gc=auto --enable-multiarch --disable-werror --with-arch-32=i686 --with-abi=m64 --with-multilib-list=m32,m64,mx32 --enable-multilib --with-tune=generic --enable-offload-targets=nvptx-none --without-cuda-driver --enable-checking=release --build=x86_64-linux-gnu --host=x86_64-linux-gnu --target=x86_64-linux-gnu
Thread model: posix
gcc version 7.5.0 (Ubuntu 7.5.0-3ubuntu1~18.04) 
configure:3974: $? = 0
configure:3963: gcc -V >&5
gcc: error: unrecognized command line option '-V'
gcc: fatal error: no input files
compilation terminated.
configure:3974: $? = 1
configure:3963: gcc -qversion >&5
gcc: error: unrecognized command line option '-qversion'; did you mean '--version'?
gcc: fatal error: no input files
compilation terminated.
configure:3974: $? = 1
configure:3994: checking whether the C compiler works
configure:4016: gcc    conftest.c  >&5
configure:4020: $? = 0
configure:4068: result: yes
configure:4071: checking for C compiler default output file name
configure:4073: result: a.out
configure:4079: checking for suffix of executables
configure:4086: gcc -o conftest    conftest.c  >&5
configure:4090: $? = 0
configure:4112: result: 
configure:4134: checking whether we are cross compiling
configure:4142: gcc -o conftest    conftest.c  >&5
configure:4146: $? = 0
configure:4153: ./conftest
configure:4157: $? = 0
configure:4172: result: no
configure:4177: checking for suffix of object files
configure:4199: gcc -c   conftest.c >&5
configure:4203: $? = 0
configure:4224: result: o
configure:4228: checking whether we are using the GNU C compiler
configure:4247: gcc -c   conftest.c >&5
configure:4247: $? = 0
configure:4256: result: yes
configure:4265: checking whether gcc accepts -g
configure:4285: gcc -c -g  conftest.c >&5
configure:4285: $? = 0
configure:4326: result: yes
configure:4343: checking for gcc option to accept ISO C89
configure:4406: gcc  -c -g -O2  conftest.c >&5
configure:4406: $? = 0
configure:4419: result: none needed
configure:4444: checking how to run the C preprocessor
configure:4475: gcc -E  conftest.c
configure:4475: $? = 0
configure:4489: gcc -E  conftest.c
conftest.c:19:10: fatal error: ac_nonexistent.h: No such file or directory
 #include <ac_nonexistent.h>
          ^~~~~~~~~~~~~~~~~~
compilation terminated.
configure:4489: $? = 1
configure: failed program was:
| /* confdefs.h */
| #define PACKAGE_NAME ""
| #define PACKAGE_TARNAME ""
| #define PACKAGE_VERSION ""
| #define PACKAGE_STRING ""
| #define PACKAGE_BUGREPORT ""
| #define PACKAGE_URL ""
| #define CONFIG_INCLUDED 1
| #define ___ALWAYS_TRUE___ 1
| #define XSB_VERSION "5.0.0 (Green Tea)"
| #define RELEASE_DATE 2022-05-15
| #define RELEASE_YEAR 2022
| #define RELEASE_MONTH 5
| #define RELEASE_DAY 15
| #define LOCAL_EVAL 1
| #define GC 1
| #define SLG_GC 1
| /* end confdefs.h.  */
| #include <ac_nonexistent.h>
configure:4514: result: gcc -E
configure:4534: gcc -E  conftest.c
configure:4534: $? = 0
configure:4548: gcc -E  conftest.c
conftest.c:19:10: fatal error: ac_nonexistent.h: No such file or directory
 #include <ac_nonexistent.h>
          ^~~~~~~~~~~~~~~~~~
compilation terminated.
configure:4548: $? = 1
configure: failed program was:
| /* confdefs.h */
| #define PACKAGE_NAME ""
| #define PACKAGE_TARNAME ""
| #define PACKAGE_VERSION ""
| #define PACKAGE_STRING ""
| #define PACKAGE_BUGREPORT ""
| #define PACKAGE_URL ""
| #define CONFIG_INCLUDED 1
| #define ___ALWAYS_TRUE___ 1
| #define XSB_VERSION "5.0.0 (Green Tea)"
| #define RELEASE_DATE 2022-05-15
| #define RELEASE_YEAR 2022
| #define RELEASE_MONTH 5
| #define RELEASE_DAY 15
| #define LOCAL_EVAL 1
| #define GC 1
| #define SLG_GC 1
| /* end confdefs.h.  */
| #include <ac_nonexistent.h>
configure:4590: checking for a BSD-compatible install
configure:4658: result: /usr/bin/install -c
configure:4671: checking for grep that handles long lines and -e
configure:4729: result: /bin/grep
configure:4734: checking for egrep
configure:4796: result: /bin/grep -E
configure:4801: checking for ANSI C header files
configure:4821: gcc -c -g -O2  conftest.c >&5
configure:4821: $? = 0
configure:4894: gcc -o conftest -g -O2   conftest.c  >&5
configure:4894: $? = 0
configure:4894: ./conftest
configure:4894: $? = 0
configure:4905: result: yes
configure:4918: checking for sys/types.h
configure:4918: gcc -c -g -O2  conftest.c >&5
configure:4918: $? = 0
configure:4918: result: yes
configure:4918: checking for sys/stat.h
configure:4918: gcc -c -g -O2  conftest.c >&5
configure:4918: $? = 0
configure:4918: result: yes
configure:4918: checking for stdlib.h
configure:4918: gcc -c -g -O2  conftest.c >&5
configure:4918: $? = 0
configure:4918: result: yes
configure:4918: checking for string.h
configure:4918: gcc -c -g -O2  conftest.c >&5
configure:4918: $? = 0
configure:4918: result: yes
configure:4918: checking for memory.h
configure:4918: gcc -c -g -O2  conftest.c >&5
configure:4918: $? = 0
configure:4918: result: yes
configure:4918: checking for strings.h
configure:4918: gcc -c -g -O2  conftest.c >&5
configure:4918: $? = 0
configure:4918: result: yes
configure:4918: checking for inttypes.h
configure:4918: gcc -c -g -O2  conftest.c >&5
configure:4918: $? = 0
configure:4918: result: yes
configure:4918: checking for stdint.h
configure:4918: gcc -c -g -O2  conftest.c >&5
configure:4918: $? = 0
configure:4918: result: yes
configure:4918: checking for unistd.h
configure:4918: gcc -c -g -O2  conftest.c >&5
configure:4918: $? = 0
configure:4918: result: yes
configure:4931: checking minix/config.h usability
configure:4931: gcc -c -g -O2  conftest.c >&5
conftest.c:62:10: fatal error: minix/config.h: No such file or directory
 #include <minix/config.h>
          ^~~~~~~~~~~~~~~~
compilation terminated.
configure:4931: $? = 1
configure: failed program was:
| /* confdefs.h */
| #define PACKAGE_NAME ""
| #define PACKAGE_TARNAME ""
| #define PACKAGE_VERSION ""
| #define PACKAGE_STRING ""
| #define PACKAGE_BUGREPORT ""
| #define PACKAGE_URL ""
| #define CONFIG_INCLUDED 1
| #define ___ALWAYS_TRUE___ 1
| #define XSB_VERSION "5.0.0 (Green Tea)"
| #define RELEASE_DATE 2022-05-15
| #define RELEASE_YEAR 2022
| #define RELEASE_MONTH 5
| #define RELEASE_DAY 15
| #define LOCAL_EVAL 1
| #define GC 1
| #define SLG_GC 1
| #define STDC_HEADERS 1
| #define HAVE_SYS_TYPES_H 1
| #define HAVE_SYS_STAT_H 1
| #define HAVE_STDLIB_H 1
| #define HAVE_STRING_H 1
| #define HAVE_MEMORY_H 1
| #define HAVE_STRINGS_H 1
| #define HAVE_INTTYPES_H 1
| #define HAVE_STDINT_H 1
| #define HAVE_UNISTD_H 1
| /* end confdefs.h.  */
| #include <stdio.h>
| #ifdef HAVE_SYS_TYPES_H
| # include <sys/types.h>
| #endif
| #ifdef HAVE_SYS_STAT_H
| # include <sys/stat.h>
| #endif
| #ifdef STDC_HEADERS
| # include <stdlib.h>
| # include <stddef.h>
| #else
| # ifdef HAVE_STDLIB_H
| #  include <stdlib.h>
| # endif
| #endif
| #ifdef HAVE_STRING_H
| # if !defined STDC_HEADERS && defined HAVE_MEMORY_H
| #  include <memory.h>
| # endif
| # include <string.h>
| #endif
| #ifdef HAVE_STRINGS_H
| # include <strings.h>
| #endif
| #ifdef HAVE_INTTYPES_H
| # include <inttypes.h>
| #endif
| #ifdef HAVE_STDINT_H
| # include <stdint.h>
| #endif
| #ifdef HAVE_UNISTD_H
| # include <unistd.h>
| #endif
| #include <minix/config.h>
configure:4931: result: no
configure:4931: checking minix/config.h presence
configure:4931: gcc -E  conftest.c
conftest.c:29:10: fatal error: minix/config.h: No such file or directory
 #include <minix/config.h>
          ^~~~~~~~~~~~~~~~
compilation terminated.
configure:4931: $? = 1
configure: failed program was:
| /* confdefs.h */
| #define PACKAGE_NAME ""
| #define PACKAGE_TARNAME ""
| #define PACKAGE_VERSION ""
| #define PACKAGE_STRING ""
| #define PACKAGE_BUGREPORT ""
| #define PACKAGE_URL ""
| #define CONFIG_INCLUDED 1
| #define ___ALWAYS_TRUE___ 1
| #define XSB_VERSION "5.0.0 (Green Tea)"
| #define RELEASE_DATE 2022-05-15
| #define RELEASE_YEAR 2022
| #define RELEASE_MONTH 5
| #define RELEASE_DAY 15
| #define LOCAL_EVAL 1
| #define GC 1
| #define SLG_GC 1
| #define STDC_HEADERS 1
| #define HAVE_SYS_TYPES_H 1
| #define HAVE_SYS_STAT_H 1
| #define HAVE_STDLIB_H 1
| #define HAVE_STRING_H 1
| #define HAVE_MEMORY_H 1
| #define HAVE_STRINGS_H 1
| #define HAVE_INTTYPES_H 1
| #define HAVE_STDINT_H 1
| #define HAVE_UNISTD_H 1
| /* end confdefs.h.  */
| #include <minix/config.h>
configure:4931: result: no
configure:4931: checking for minix/config.h
configure:4931: result: no
configure:4952: checking whether it is safe to define __EXTENSIONS__
configure:4970: gcc -c -g -O2  conftest.c >&5
configure:4970: $? = 0
configure:4977: result: yes
configure:4995: checking for gcc
configure:5011: found /usr/bin/gcc
configure:5023: result: yes
configure:5032: checking whether we are using SunPro C
configure:5043: gcc -c -g -O2  conftest.c >&5
conftest.c:36:2: error: #error Not a SunPro compiler :-(
 #error Not a  SunPro compiler :-(
  ^~~~~
conftest.c:37:9: error: expected identifier or '(' before '==' token
 ******* ======= ******** &&&&&&&&
         ^~
configure:5043: $? = 1
configure: failed program was:
| /* confdefs.h */
| #define PACKAGE_NAME ""
| #define PACKAGE_TARNAME ""
| #define PACKAGE_VERSION ""
| #define PACKAGE_STRING ""
| #define PACKAGE_BUGREPORT ""
| #define PACKAGE_URL ""
| #define CONFIG_INCLUDED 1
| #define ___ALWAYS_TRUE___ 1
| #define XSB_VERSION "5.0.0 (Green Tea)"
| #define RELEASE_DATE 2022-05-15
| #define RELEASE_YEAR 2022
| #define RELEASE_MONTH 5
| #define RELEASE_DAY 15
| #define LOCAL_EVAL 1
| #define GC 1
| #define SLG_GC 1
| #define STDC_HEADERS 1
| #define HAVE_SYS_TYPES_H 1
| #define HAVE_SYS_STAT_H 1
| #define HAVE_STDLIB_H 1
| #define HAVE_STRING_H 1
| #define HAVE_MEMORY_H 1
| #define HAVE_STRINGS_H 1
| #define HAVE_INTTYPES_H 1
| #define HAVE_STDINT_H 1
| #define HAVE_UNISTD_H 1
| #define __EXTENSIONS__ 1
| #define _ALL_SOURCE 1
| #define _GNU_SOURCE 1
| #define _POSIX_PTHREAD_SEMANTICS 1
| #define _TANDEM_SOURCE 1
| /* end confdefs.h.  */
| 
| #ifndef __SUNPRO_C
| #error Not a  SunPro compiler :-(
| ******* ======= ******** &&&&&&&&
| #endif
| 
configure:5049: result: no
configure:5274: updating cache /home/ubunt-test/Downloads/star/repos/XSB/config/x86_64-pc-linux-gnu/config.cache
configure:5359: creating ./config.status

## ---------------------- ##
## Running config.status. ##
## ---------------------- ##

This file was extended by config.status, which was
generated by GNU Autoconf 2.69.  Invocation command line was

  CONFIG_FILES    = 
  CONFIG_HEADERS  = 
  CONFIG_LINKS    = 
  CONFIG_COMMANDS = 
  $ ./config.status 

on ubunttest-VirtualBox

config.status:: creating /home/ubunt-test/Downloads/star/repos/XSB/packages/xsbpy/configvars.sh
configure:6380: checking whether make sets $(MAKE)
configure:6402: result: yes
configure:6418: checking size of long int
configure:6423: gcc -o conftest -Wall -pipe -fsigned-char   conftest.c  >&5
configure:6423: $? = 0
configure:6423: ./conftest
configure:6423: $? = 0
configure:6437: result: 8
configure:6503: checking for main in -lm
configure:6522: gcc -o conftest -Wall -pipe -fsigned-char   conftest.c -lm   >&5
configure:6522: $? = 0
configure:6531: result: yes
configure:6546: checking for main in -ldl
configure:6565: gcc -o conftest -Wall -pipe -fsigned-char   conftest.c -ldl  -lm  >&5
configure:6565: $? = 0
configure:6574: result: yes
configure:6587: checking for main in -lnsl
configure:6606: gcc -o conftest -Wall -pipe -fsigned-char   conftest.c -lnsl  -ldl -lm  >&5
configure:6606: $? = 0
configure:6615: result: yes
configure:6628: checking for main in -lpthread
configure:6647: gcc -o conftest -Wall -pipe -fsigned-char   conftest.c -lpthread  -lnsl -ldl -lm  >&5
configure:6647: $? = 0
configure:6656: result: yes
configure:6669: checking for main in -lsocket
configure:6688: gcc -o conftest -Wall -pipe -fsigned-char   conftest.c -lsocket  -lpthread -lnsl -ldl -lm  >&5
/usr/bin/ld: cannot find -lsocket
collect2: error: ld returned 1 exit status
configure:6688: $? = 1
configure: failed program was:
| /* confdefs.h */
| #define PACKAGE_NAME ""
| #define PACKAGE_TARNAME ""
| #define PACKAGE_VERSION ""
| #define PACKAGE_STRING ""
| #define PACKAGE_BUGREPORT ""
| #define PACKAGE_URL ""
| #define CONFIG_INCLUDED 1
| #define ___ALWAYS_TRUE___ 1
| #define XSB_VERSION "5.0.0 (Green Tea)"
| #define RELEASE_DATE 2022-05-15
| #define RELEASE_YEAR 2022
| #define RELEASE_MONTH 5
| #define RELEASE_DAY 15
| #define LOCAL_EVAL 1
| #define GC 1
| #define SLG_GC 1
| #define STDC_HEADERS 1
| #define HAVE_SYS_TYPES_H 1
| #define HAVE_SYS_STAT_H 1
| #define HAVE_STDLIB_H 1
| #define HAVE_STRING_H 1
| #define HAVE_MEMORY_H 1
| #define HAVE_STRINGS_H 1
| #define HAVE_INTTYPES_H 1
| #define HAVE_STDINT_H 1
| #define HAVE_UNISTD_H 1
| #define __EXTENSIONS__ 1
| #define _ALL_SOURCE 1
| #define _GNU_SOURCE 1
| #define _POSIX_PTHREAD_SEMANTICS 1
| #define _TANDEM_SOURCE 1
| #define CC "gcc"
| #define SIZEOF_LONG_INT 8
| #define BITS64 1
| #define HAVE_LIBM 1
| #define HAVE_LIBDL 1
| #define HAVE_LIBNSL 1
| #define HAVE_LIBPTHREAD 1
| /* end confdefs.h.  */
| 
| 
| int
| main ()
| {
| return main ();
|   ;
|   return 0;
| }
configure:6697: result: no
configure:6711: checking for readline in -lreadline
configure:6736: gcc -o conftest -Wall -pipe -fsigned-char   conftest.c -lreadline  -lpthread -lnsl -ldl -lm  >&5
/usr/bin/ld: cannot find -lreadline
collect2: error: ld returned 1 exit status
configure:6736: $? = 1
configure: failed program was:
| /* confdefs.h */
| #define PACKAGE_NAME ""
| #define PACKAGE_TARNAME ""
| #define PACKAGE_VERSION ""
| #define PACKAGE_STRING ""
| #define PACKAGE_BUGREPORT ""
| #define PACKAGE_URL ""
| #define CONFIG_INCLUDED 1
| #define ___ALWAYS_TRUE___ 1
| #define XSB_VERSION "5.0.0 (Green Tea)"
| #define RELEASE_DATE 2022-05-15
| #define RELEASE_YEAR 2022
| #define RELEASE_MONTH 5
| #define RELEASE_DAY 15
| #define LOCAL_EVAL 1
| #define GC 1
| #define SLG_GC 1
| #define STDC_HEADERS 1
| #define HAVE_SYS_TYPES_H 1
| #define HAVE_SYS_STAT_H 1
| #define HAVE_STDLIB_H 1
| #define HAVE_STRING_H 1
| #define HAVE_MEMORY_H 1
| #define HAVE_STRINGS_H 1
| #define HAVE_INTTYPES_H 1
| #define HAVE_STDINT_H 1
| #define HAVE_UNISTD_H 1
| #define __EXTENSIONS__ 1
| #define _ALL_SOURCE 1
| #define _GNU_SOURCE 1
| #define _POSIX_PTHREAD_SEMANTICS 1
| #define _TANDEM_SOURCE 1
| #define CC "gcc"
| #define SIZEOF_LONG_INT 8
| #define BITS64 1
| #define HAVE_LIBM 1
| #define HAVE_LIBDL 1
| #define HAVE_LIBNSL 1
| #define HAVE_LIBPTHREAD 1
| /* end confdefs.h.  */
| 
| /* Override any GCC internal prototype to avoid an error.
|    Use char because int might match the return type of a GCC
|    builtin and then its argument prototype would still apply.  */
| #ifdef __cplusplus
| extern "C"
| #endif
| char readline ();
| int
| main ()
| {
| return readline ();
|   ;
|   return 0;
| }
configure:6745: result: no
configure:6756: checking for sched_get_priority_max
configure:6756: gcc -o conftest -Wall -pipe -fsigned-char   conftest.c -lpthread -lnsl -ldl -lm  >&5
configure:6756: $? = 0
configure:6756: result: yes
configure:6805: checking stdarg.h usability
configure:6805: gcc -c -Wall -pipe -fsigned-char  conftest.c >&5
configure:6805: $? = 0
configure:6805: result: yes
configure:6805: checking stdarg.h presence
configure:6805: gcc -E  conftest.c
configure:6805: $? = 0
configure:6805: result: yes
configure:6805: checking for stdarg.h
configure:6805: result: yes
configure:6824: checking sys/time.h usability
configure:6824: gcc -c -Wall -pipe -fsigned-char  conftest.c >&5
configure:6824: $? = 0
configure:6824: result: yes
configure:6824: checking sys/time.h presence
configure:6824: gcc -E  conftest.c
configure:6824: $? = 0
configure:6824: result: yes
configure:6824: checking for sys/time.h
configure:6824: result: yes
configure:6835: checking whether time.h and sys/time.h may both be included
configure:6855: gcc -c -Wall -pipe -fsigned-char  conftest.c >&5
configure:6855: $? = 0
configure:6862: result: yes
configure:6873: checking for malloc
configure:6873: gcc -o conftest -Wall -pipe -fsigned-char   conftest.c -lpthread -lnsl -ldl -lm  >&5
conftest.c:67:6: warning: conflicting types for built-in function 'malloc' [-Wbuiltin-declaration-mismatch]
 char malloc ();
      ^~~~~~
configure:6873: $? = 0
configure:6873: result: yes
configure:6890: checking for unistd.h
configure:6890: result: yes
configure:6890: checking for string.h
configure:6890: result: yes
configure:6890: checking for stdlib.h
configure:6890: result: yes
configure:6908: checking for an ANSI C-conforming const
configure:6974: gcc -c -Wall -pipe -fsigned-char  conftest.c >&5
configure:6974: $? = 0
configure:6981: result: yes
configure:6990: checking return type of signal handlers
configure:7008: gcc -c -Wall -pipe -fsigned-char  conftest.c >&5
conftest.c: In function 'main':
conftest.c:54:10: error: void value not ignored as it ought to be
 return *(signal (0, 0)) (0) == 1;
         ~^~~~~~~~~~~~~~~~~~
configure:7008: $? = 1
configure: failed program was:
| /* confdefs.h */
| #define PACKAGE_NAME ""
| #define PACKAGE_TARNAME ""
| #define PACKAGE_VERSION ""
| #define PACKAGE_STRING ""
| #define PACKAGE_BUGREPORT ""
| #define PACKAGE_URL ""
| #define CONFIG_INCLUDED 1
| #define ___ALWAYS_TRUE___ 1
| #define XSB_VERSION "5.0.0 (Green Tea)"
| #define RELEASE_DATE 2022-05-15
| #define RELEASE_YEAR 2022
| #define RELEASE_MONTH 5
| #define RELEASE_DAY 15
| #define LOCAL_EVAL 1
| #define GC 1
| #define SLG_GC 1
| #define STDC_HEADERS 1
| #define HAVE_SYS_TYPES_H 1
| #define HAVE_SYS_STAT_H 1
| #define HAVE_STDLIB_H 1
| #define HAVE_STRING_H 1
| #define HAVE_MEMORY_H 1
| #define HAVE_STRINGS_H 1
| #define HAVE_INTTYPES_H 1
| #define HAVE_STDINT_H 1
| #define HAVE_UNISTD_H 1
| #define __EXTENSIONS__ 1
| #define _ALL_SOURCE 1
| #define _GNU_SOURCE 1
| #define _POSIX_PTHREAD_SEMANTICS 1
| #define _TANDEM_SOURCE 1
| #define CC "gcc"
| #define SIZEOF_LONG_INT 8
| #define BITS64 1
| #define HAVE_LIBM 1
| #define HAVE_LIBDL 1
| #define HAVE_LIBNSL 1
| #define HAVE_LIBPTHREAD 1
| #define HAVE_STDARG_H 1
| #define HAVE_SYS_TIME_H 1
| #define TIME_WITH_SYS_TIME 1
| #define HAVE_MALLOC 1
| #define HAVE_UNISTD_H 1
| #define HAVE_STRING_H 1
| #define HAVE_STDLIB_H 1
| /* end confdefs.h.  */
| #include <sys/types.h>
| #include <signal.h>
| 
| int
| main ()
| {
| return *(signal (0, 0)) (0) == 1;
|   ;
|   return 0;
| }
configure:7015: result: void
configure:7026: checking for strdup
configure:7026: gcc -o conftest -Wall -pipe -fsigned-char   conftest.c -lpthread -lnsl -ldl -lm  >&5
conftest.c:72:6: warning: conflicting types for built-in function 'strdup' [-Wbuiltin-declaration-mismatch]
 char strdup ();
      ^~~~~~
configure:7026: $? = 0
configure:7026: result: yes
configure:7026: checking for mkdir
configure:7026: gcc -o conftest -Wall -pipe -fsigned-char   conftest.c -lpthread -lnsl -ldl -lm  >&5
configure:7026: $? = 0
configure:7026: result: yes
configure:7045: checking for gethostbyname
configure:7045: gcc -o conftest -Wall -pipe -fsigned-char   conftest.c -lpthread -lnsl -ldl -lm  >&5
configure:7045: $? = 0
configure:7045: result: yes
configure:7045: checking for gettimeofday
configure:7045: gcc -o conftest -Wall -pipe -fsigned-char   conftest.c -lpthread -lnsl -ldl -lm  >&5
configure:7045: $? = 0
configure:7045: result: yes
configure:7045: checking for socket
configure:7045: gcc -o conftest -Wall -pipe -fsigned-char   conftest.c -lpthread -lnsl -ldl -lm  >&5
configure:7045: $? = 0
configure:7045: result: yes
configure:7045: checking for snprintf
configure:7045: gcc -o conftest -Wall -pipe -fsigned-char   conftest.c -lpthread -lnsl -ldl -lm  >&5
conftest.c:77:6: warning: conflicting types for built-in function 'snprintf' [-Wbuiltin-declaration-mismatch]
 char snprintf ();
      ^~~~~~~~
configure:7045: $? = 0
configure:7045: result: yes
configure:7058: checking for regexec
configure:7058: gcc -o conftest -Wall -pipe -fsigned-char   conftest.c -lpthread -lnsl -ldl -lm  >&5
configure:7058: $? = 0
configure:7058: result: yes
configure:7058: checking for regerror
configure:7058: gcc -o conftest -Wall -pipe -fsigned-char   conftest.c -lpthread -lnsl -ldl -lm  >&5
configure:7058: $? = 0
configure:7058: result: yes
configure:7058: checking for regcomp
configure:7058: gcc -o conftest -Wall -pipe -fsigned-char   conftest.c -lpthread -lnsl -ldl -lm  >&5
configure:7058: $? = 0
configure:7058: result: yes
configure:7072: checking for fnmatch
configure:7072: gcc -o conftest -Wall -pipe -fsigned-char   conftest.c -lpthread -lnsl -ldl -lm  >&5
configure:7072: $? = 0
configure:7072: result: yes
configure:7072: checking for glob
configure:7072: gcc -o conftest -Wall -pipe -fsigned-char   conftest.c -lpthread -lnsl -ldl -lm  >&5
configure:7072: $? = 0
configure:7072: result: yes
configure:7072: checking for globfree
configure:7072: gcc -o conftest -Wall -pipe -fsigned-char   conftest.c -lpthread -lnsl -ldl -lm  >&5
configure:7072: $? = 0
configure:7072: result: yes
configure:7086: checking for execvp
configure:7086: gcc -o conftest -Wall -pipe -fsigned-char   conftest.c -lpthread -lnsl -ldl -lm  >&5
conftest.c:84:6: warning: conflicting types for built-in function 'execvp' [-Wbuiltin-declaration-mismatch]
 char execvp ();
      ^~~~~~
configure:7086: $? = 0
configure:7086: result: yes
configure:7298: checking for itkwish
configure:7330: result: no
configure:7374: checking whether loader understands -Wl,-export-dynamic
configure:7382: gcc -o conftest -Wall -pipe -fsigned-char  -Wl,-export-dynamic conftest.c  -lpthread -lnsl -ldl -lm  >&5
conftest.c:64:1: warning: return type defaults to 'int' [-Wimplicit-int]
 main(){return 0;}
 ^~~~
configure:7382: $? = 0
configure:7389: result: yes
configure:7617: checking sys/resource.h usability
configure:7617: gcc -c  -fPIC -Wall -pipe -fsigned-char   conftest.c >&5
configure:7617: $? = 0
configure:7617: result: yes
configure:7617: checking sys/resource.h presence
configure:7617: gcc -E  conftest.c
configure:7617: $? = 0
configure:7617: result: yes
configure:7617: checking for sys/resource.h
configure:7617: result: yes
configure:7649: checking for inline
configure:7665: gcc -c  -fPIC -Wall -pipe -fsigned-char   conftest.c >&5
configure:7665: $? = 0
configure:7673: result: inline
configure:8097: checking for javac
configure:8115: found /usr/bin/javac
configure:8128: result: /usr/bin/javac
configure:8168: checking jni.h usability
configure:8168: gcc -c  -O3 -fno-strict-aliasing   -fPIC -Wall -pipe -fsigned-char   conftest.c >&5
conftest.c:102:10: fatal error: jni.h: No such file or directory
 #include <jni.h>
          ^~~~~~~
compilation terminated.
configure:8168: $? = 1
configure: failed program was:
| /* confdefs.h */
| #define PACKAGE_NAME ""
| #define PACKAGE_TARNAME ""
| #define PACKAGE_VERSION ""
| #define PACKAGE_STRING ""
| #define PACKAGE_BUGREPORT ""
| #define PACKAGE_URL ""
| #define CONFIG_INCLUDED 1
| #define ___ALWAYS_TRUE___ 1
| #define XSB_VERSION "5.0.0 (Green Tea)"
| #define RELEASE_DATE 2022-05-15
| #define RELEASE_YEAR 2022
| #define RELEASE_MONTH 5
| #define RELEASE_DAY 15
| #define LOCAL_EVAL 1
| #define GC 1
| #define SLG_GC 1
| #define STDC_HEADERS 1
| #define HAVE_SYS_TYPES_H 1
| #define HAVE_SYS_STAT_H 1
| #define HAVE_STDLIB_H 1
| #define HAVE_STRING_H 1
| #define HAVE_MEMORY_H 1
| #define HAVE_STRINGS_H 1
| #define HAVE_INTTYPES_H 1
| #define HAVE_STDINT_H 1
| #define HAVE_UNISTD_H 1
| #define __EXTENSIONS__ 1
| #define _ALL_SOURCE 1
| #define _GNU_SOURCE 1
| #define _POSIX_PTHREAD_SEMANTICS 1
| #define _TANDEM_SOURCE 1
| #define CC "gcc"
| #define SIZEOF_LONG_INT 8
| #define BITS64 1
| #define HAVE_LIBM 1
| #define HAVE_LIBDL 1
| #define HAVE_LIBNSL 1
| #define HAVE_LIBPTHREAD 1
| #define HAVE_STDARG_H 1
| #define HAVE_SYS_TIME_H 1
| #define TIME_WITH_SYS_TIME 1
| #define HAVE_MALLOC 1
| #define HAVE_UNISTD_H 1
| #define HAVE_STRING_H 1
| #define HAVE_STDLIB_H 1
| #define RETSIGTYPE void
| #define HAVE_STRDUP 1
| #define HAVE_MKDIR 1
| #define HAVE_GETHOSTBYNAME 1
| #define HAVE_GETTIMEOFDAY 1
| #define HAVE_SOCKET 1
| #define HAVE_SNPRINTF 1
| #define HAVE_REGEXEC 1
| #define HAVE_REGERROR 1
| #define HAVE_REGCOMP 1
| #define HAVE_FNMATCH 1
| #define HAVE_GLOB 1
| #define HAVE_GLOBFREE 1
| #define HAVE_EXECVP 1
| #define JUMPTABLE_EMULOOP 1
| #define INSN_BLOCKS 1
| #define LINUX 1
| #define _GNU_SOURCE 1
| #define LINUX_ELF 1
| #define FOREIGN_ELF 1
| #define HAVE_SYS_RESOURCE_H 1
| /* end confdefs.h.  */
| #include <stdio.h>
| #ifdef HAVE_SYS_TYPES_H
| # include <sys/types.h>
| #endif
| #ifdef HAVE_SYS_STAT_H
| # include <sys/stat.h>
| #endif
| #ifdef STDC_HEADERS
| # include <stdlib.h>
| # include <stddef.h>
| #else
| # ifdef HAVE_STDLIB_H
| #  include <stdlib.h>
| # endif
| #endif
| #ifdef HAVE_STRING_H
| # if !defined STDC_HEADERS && defined HAVE_MEMORY_H
| #  include <memory.h>
| # endif
| # include <string.h>
| #endif
| #ifdef HAVE_STRINGS_H
| # include <strings.h>
| #endif
| #ifdef HAVE_INTTYPES_H
| # include <inttypes.h>
| #endif
| #ifdef HAVE_STDINT_H
| # include <stdint.h>
| #endif
| #ifdef HAVE_UNISTD_H
| # include <unistd.h>
| #endif
| #include <jni.h>
configure:8168: result: no
configure:8168: checking jni.h presence
configure:8168: gcc -E  conftest.c
conftest.c:69:10: fatal error: jni.h: No such file or directory
 #include <jni.h>
          ^~~~~~~
compilation terminated.
configure:8168: $? = 1
configure: failed program was:
| /* confdefs.h */
| #define PACKAGE_NAME ""
| #define PACKAGE_TARNAME ""
| #define PACKAGE_VERSION ""
| #define PACKAGE_STRING ""
| #define PACKAGE_BUGREPORT ""
| #define PACKAGE_URL ""
| #define CONFIG_INCLUDED 1
| #define ___ALWAYS_TRUE___ 1
| #define XSB_VERSION "5.0.0 (Green Tea)"
| #define RELEASE_DATE 2022-05-15
| #define RELEASE_YEAR 2022
| #define RELEASE_MONTH 5
| #define RELEASE_DAY 15
| #define LOCAL_EVAL 1
| #define GC 1
| #define SLG_GC 1
| #define STDC_HEADERS 1
| #define HAVE_SYS_TYPES_H 1
| #define HAVE_SYS_STAT_H 1
| #define HAVE_STDLIB_H 1
| #define HAVE_STRING_H 1
| #define HAVE_MEMORY_H 1
| #define HAVE_STRINGS_H 1
| #define HAVE_INTTYPES_H 1
| #define HAVE_STDINT_H 1
| #define HAVE_UNISTD_H 1
| #define __EXTENSIONS__ 1
| #define _ALL_SOURCE 1
| #define _GNU_SOURCE 1
| #define _POSIX_PTHREAD_SEMANTICS 1
| #define _TANDEM_SOURCE 1
| #define CC "gcc"
| #define SIZEOF_LONG_INT 8
| #define BITS64 1
| #define HAVE_LIBM 1
| #define HAVE_LIBDL 1
| #define HAVE_LIBNSL 1
| #define HAVE_LIBPTHREAD 1
| #define HAVE_STDARG_H 1
| #define HAVE_SYS_TIME_H 1
| #define TIME_WITH_SYS_TIME 1
| #define HAVE_MALLOC 1
| #define HAVE_UNISTD_H 1
| #define HAVE_STRING_H 1
| #define HAVE_STDLIB_H 1
| #define RETSIGTYPE void
| #define HAVE_STRDUP 1
| #define HAVE_MKDIR 1
| #define HAVE_GETHOSTBYNAME 1
| #define HAVE_GETTIMEOFDAY 1
| #define HAVE_SOCKET 1
| #define HAVE_SNPRINTF 1
| #define HAVE_REGEXEC 1
| #define HAVE_REGERROR 1
| #define HAVE_REGCOMP 1
| #define HAVE_FNMATCH 1
| #define HAVE_GLOB 1
| #define HAVE_GLOBFREE 1
| #define HAVE_EXECVP 1
| #define JUMPTABLE_EMULOOP 1
| #define INSN_BLOCKS 1
| #define LINUX 1
| #define _GNU_SOURCE 1
| #define LINUX_ELF 1
| #define FOREIGN_ELF 1
| #define HAVE_SYS_RESOURCE_H 1
| /* end confdefs.h.  */
| #include <jni.h>
configure:8168: result: no
configure:8168: checking for jni.h
configure:8168: result: no
configure:8168: checking jni_md.h usability
configure:8168: gcc -c  -O3 -fno-strict-aliasing   -fPIC -Wall -pipe -fsigned-char   conftest.c >&5
conftest.c:102:10: fatal error: jni_md.h: No such file or directory
 #include <jni_md.h>
          ^~~~~~~~~~
compilation terminated.
configure:8168: $? = 1
configure: failed program was:
| /* confdefs.h */
| #define PACKAGE_NAME ""
| #define PACKAGE_TARNAME ""
| #define PACKAGE_VERSION ""
| #define PACKAGE_STRING ""
| #define PACKAGE_BUGREPORT ""
| #define PACKAGE_URL ""
| #define CONFIG_INCLUDED 1
| #define ___ALWAYS_TRUE___ 1
| #define XSB_VERSION "5.0.0 (Green Tea)"
| #define RELEASE_DATE 2022-05-15
| #define RELEASE_YEAR 2022
| #define RELEASE_MONTH 5
| #define RELEASE_DAY 15
| #define LOCAL_EVAL 1
| #define GC 1
| #define SLG_GC 1
| #define STDC_HEADERS 1
| #define HAVE_SYS_TYPES_H 1
| #define HAVE_SYS_STAT_H 1
| #define HAVE_STDLIB_H 1
| #define HAVE_STRING_H 1
| #define HAVE_MEMORY_H 1
| #define HAVE_STRINGS_H 1
| #define HAVE_INTTYPES_H 1
| #define HAVE_STDINT_H 1
| #define HAVE_UNISTD_H 1
| #define __EXTENSIONS__ 1
| #define _ALL_SOURCE 1
| #define _GNU_SOURCE 1
| #define _POSIX_PTHREAD_SEMANTICS 1
| #define _TANDEM_SOURCE 1
| #define CC "gcc"
| #define SIZEOF_LONG_INT 8
| #define BITS64 1
| #define HAVE_LIBM 1
| #define HAVE_LIBDL 1
| #define HAVE_LIBNSL 1
| #define HAVE_LIBPTHREAD 1
| #define HAVE_STDARG_H 1
| #define HAVE_SYS_TIME_H 1
| #define TIME_WITH_SYS_TIME 1
| #define HAVE_MALLOC 1
| #define HAVE_UNISTD_H 1
| #define HAVE_STRING_H 1
| #define HAVE_STDLIB_H 1
| #define RETSIGTYPE void
| #define HAVE_STRDUP 1
| #define HAVE_MKDIR 1
| #define HAVE_GETHOSTBYNAME 1
| #define HAVE_GETTIMEOFDAY 1
| #define HAVE_SOCKET 1
| #define HAVE_SNPRINTF 1
| #define HAVE_REGEXEC 1
| #define HAVE_REGERROR 1
| #define HAVE_REGCOMP 1
| #define HAVE_FNMATCH 1
| #define HAVE_GLOB 1
| #define HAVE_GLOBFREE 1
| #define HAVE_EXECVP 1
| #define JUMPTABLE_EMULOOP 1
| #define INSN_BLOCKS 1
| #define LINUX 1
| #define _GNU_SOURCE 1
| #define LINUX_ELF 1
| #define FOREIGN_ELF 1
| #define HAVE_SYS_RESOURCE_H 1
| /* end confdefs.h.  */
| #include <stdio.h>
| #ifdef HAVE_SYS_TYPES_H
| # include <sys/types.h>
| #endif
| #ifdef HAVE_SYS_STAT_H
| # include <sys/stat.h>
| #endif
| #ifdef STDC_HEADERS
| # include <stdlib.h>
| # include <stddef.h>
| #else
| # ifdef HAVE_STDLIB_H
| #  include <stdlib.h>
| # endif
| #endif
| #ifdef HAVE_STRING_H
| # if !defined STDC_HEADERS && defined HAVE_MEMORY_H
| #  include <memory.h>
| # endif
| # include <string.h>
| #endif
| #ifdef HAVE_STRINGS_H
| # include <strings.h>
| #endif
| #ifdef HAVE_INTTYPES_H
| # include <inttypes.h>
| #endif
| #ifdef HAVE_STDINT_H
| # include <stdint.h>
| #endif
| #ifdef HAVE_UNISTD_H
| # include <unistd.h>
| #endif
| #include <jni_md.h>
configure:8168: result: no
configure:8168: checking jni_md.h presence
configure:8168: gcc -E  conftest.c
conftest.c:69:10: fatal error: jni_md.h: No such file or directory
 #include <jni_md.h>
          ^~~~~~~~~~
compilation terminated.
configure:8168: $? = 1
configure: failed program was:
| /* confdefs.h */
| #define PACKAGE_NAME ""
| #define PACKAGE_TARNAME ""
| #define PACKAGE_VERSION ""
| #define PACKAGE_STRING ""
| #define PACKAGE_BUGREPORT ""
| #define PACKAGE_URL ""
| #define CONFIG_INCLUDED 1
| #define ___ALWAYS_TRUE___ 1
| #define XSB_VERSION "5.0.0 (Green Tea)"
| #define RELEASE_DATE 2022-05-15
| #define RELEASE_YEAR 2022
| #define RELEASE_MONTH 5
| #define RELEASE_DAY 15
| #define LOCAL_EVAL 1
| #define GC 1
| #define SLG_GC 1
| #define STDC_HEADERS 1
| #define HAVE_SYS_TYPES_H 1
| #define HAVE_SYS_STAT_H 1
| #define HAVE_STDLIB_H 1
| #define HAVE_STRING_H 1
| #define HAVE_MEMORY_H 1
| #define HAVE_STRINGS_H 1
| #define HAVE_INTTYPES_H 1
| #define HAVE_STDINT_H 1
| #define HAVE_UNISTD_H 1
| #define __EXTENSIONS__ 1
| #define _ALL_SOURCE 1
| #define _GNU_SOURCE 1
| #define _POSIX_PTHREAD_SEMANTICS 1
| #define _TANDEM_SOURCE 1
| #define CC "gcc"
| #define SIZEOF_LONG_INT 8
| #define BITS64 1
| #define HAVE_LIBM 1
| #define HAVE_LIBDL 1
| #define HAVE_LIBNSL 1
| #define HAVE_LIBPTHREAD 1
| #define HAVE_STDARG_H 1
| #define HAVE_SYS_TIME_H 1
| #define TIME_WITH_SYS_TIME 1
| #define HAVE_MALLOC 1
| #define HAVE_UNISTD_H 1
| #define HAVE_STRING_H 1
| #define HAVE_STDLIB_H 1
| #define RETSIGTYPE void
| #define HAVE_STRDUP 1
| #define HAVE_MKDIR 1
| #define HAVE_GETHOSTBYNAME 1
| #define HAVE_GETTIMEOFDAY 1
| #define HAVE_SOCKET 1
| #define HAVE_SNPRINTF 1
| #define HAVE_REGEXEC 1
| #define HAVE_REGERROR 1
| #define HAVE_REGCOMP 1
| #define HAVE_FNMATCH 1
| #define HAVE_GLOB 1
| #define HAVE_GLOBFREE 1
| #define HAVE_EXECVP 1
| #define JUMPTABLE_EMULOOP 1
| #define INSN_BLOCKS 1
| #define LINUX 1
| #define _GNU_SOURCE 1
| #define LINUX_ELF 1
| #define FOREIGN_ELF 1
| #define HAVE_SYS_RESOURCE_H 1
| /* end confdefs.h.  */
| #include <jni_md.h>
configure:8168: result: no
configure:8168: checking for jni_md.h
configure:8168: result: no
configure:8396: updating cache /home/ubunt-test/Downloads/star/repos/XSB/config/x86_64-pc-linux-gnu/config.cache
configure:8445: creating ./config.status

## ---------------------- ##
## Running config.status. ##
## ---------------------- ##

This file was extended by config.status, which was
generated by GNU Autoconf 2.69.  Invocation command line was

  CONFIG_FILES    = 
  CONFIG_HEADERS  = 
  CONFIG_LINKS    = 
  CONFIG_COMMANDS = 
  $ ./config.status 

on ubunttest-VirtualBox

config.status:: creating /home/ubunt-test/Downloads/star/repos/XSB/packages/xsbpy/configvars.sh
config.status:: creating /home/ubunt-test/Downloads/star/repos/XSB/config/x86_64-pc-linux-gnu/topMakefile
config.status:: creating /home/ubunt-test/Downloads/star/repos/XSB/config/x86_64-pc-linux-gnu/emuMakefile
config.status:: creating /home/ubunt-test/Downloads/star/repos/XSB/config/x86_64-pc-linux-gnu/modMakefile
config.status:: creating /home/ubunt-test/Downloads/star/repos/XSB/config/x86_64-pc-linux-gnu/gppMakefile
config.status:: creating /home/ubunt-test/Downloads/star/repos/XSB/config/x86_64-pc-linux-gnu/smoMakefile
config.status:: creating /home/ubunt-test/Downloads/star/repos/XSB/config/x86_64-pc-linux-gnu/makedef.sh
config.status:: creating /home/ubunt-test/Downloads/star/repos/XSB/config/x86_64-pc-linux-gnu/lib/xsb_configuration.P
config.status:: creating windows/xsb_configuration.P
config.status:: creating windows64/xsb_configuration.P
config.status:: creating makexsb
config.status:: creating /home/ubunt-test/Downloads/star/repos/XSB/bin/chr_pp
config.status:: creating /home/ubunt-test/Downloads/star/repos/XSB/bin/xsb
config.status:: creating /home/ubunt-test/Downloads/star/repos/XSB/config/x86_64-pc-linux-gnu/banner.msg
config.status:: creating windows/banner.msg
config.status:: creating windows64/banner.msg
config.status:: creating windows/MSVC_mkfile.mak
config.status:: creating windows64/MSVC_mkfile.mak
config.status:: creating /home/ubunt-test/Downloads/star/repos/XSB/packages/xmc/xmc-gui
config.status:: creating /home/ubunt-test/Downloads/star/repos/XSB/config/x86_64-pc-linux-gnu/xsb_config.h
config.status:: /home/ubunt-test/Downloads/star/repos/XSB/config/x86_64-pc-linux-gnu/xsb_config.h is unchanged
config.status:: creating windows/xsb_config.h
config.status:: windows/xsb_config.h is unchanged
config.status:: creating windows/xsb_debug.h
config.status:: windows/xsb_debug.h is unchanged
config.status:: creating windows64/xsb_config.h
config.status:: windows64/xsb_config.h is unchanged
config.status:: creating windows64/xsb_debug.h
config.status:: windows64/xsb_debug.h is unchanged
config.status:: creating /home/ubunt-test/Downloads/star/repos/XSB/config/x86_64-pc-linux-gnu/xsb_debug.h
config.status:: /home/ubunt-test/Downloads/star/repos/XSB/config/x86_64-pc-linux-gnu/xsb_debug.h is unchanged

## ---------------- ##
## Cache variables. ##
## ---------------- ##

ac_cv_build=x86_64-pc-linux-gnu
ac_cv_c_compiler_gnu=yes
ac_cv_c_const=yes
ac_cv_c_inline=inline
ac_cv_env_CCC_set=
ac_cv_env_CCC_value=
ac_cv_env_CC_set=
ac_cv_env_CC_value=
ac_cv_env_CFLAGS_set=
ac_cv_env_CFLAGS_value=
ac_cv_env_CPPFLAGS_set=
ac_cv_env_CPPFLAGS_value=
ac_cv_env_CPP_set=
ac_cv_env_CPP_value=
ac_cv_env_CXXFLAGS_set=
ac_cv_env_CXXFLAGS_value=
ac_cv_env_CXX_set=
ac_cv_env_CXX_value=
ac_cv_env_LDFLAGS_set=
ac_cv_env_LDFLAGS_value=
ac_cv_env_LIBS_set=
ac_cv_env_LIBS_value=
ac_cv_env_build_alias_set=
ac_cv_env_build_alias_value=
ac_cv_env_host_alias_set=
ac_cv_env_host_alias_value=
ac_cv_env_target_alias_set=
ac_cv_env_target_alias_value=
ac_cv_func_execvp=yes
ac_cv_func_fnmatch=yes
ac_cv_func_gethostbyname=yes
ac_cv_func_gettimeofday=yes
ac_cv_func_glob=yes
ac_cv_func_globfree=yes
ac_cv_func_malloc=yes
ac_cv_func_mkdir=yes
ac_cv_func_regcomp=yes
ac_cv_func_regerror=yes
ac_cv_func_regexec=yes
ac_cv_func_sched_get_priority_max=yes
ac_cv_func_snprintf=yes
ac_cv_func_socket=yes
ac_cv_func_strdup=yes
ac_cv_header_inttypes_h=yes
ac_cv_header_jni_h=no
ac_cv_header_jni_md_h=no
ac_cv_header_memory_h=yes
ac_cv_header_minix_config_h=no
ac_cv_header_stdarg_h=yes
ac_cv_header_stdc=yes
ac_cv_header_stdint_h=yes
ac_cv_header_stdlib_h=yes
ac_cv_header_string_h=yes
ac_cv_header_strings_h=yes
ac_cv_header_sys_resource_h=yes
ac_cv_header_sys_stat_h=yes
ac_cv_header_sys_time_h=yes
ac_cv_header_sys_types_h=yes
ac_cv_header_time=yes
ac_cv_header_unistd_h=yes
ac_cv_host=x86_64-pc-linux-gnu
ac_cv_lib_dl_main=yes
ac_cv_lib_m_main=yes
ac_cv_lib_nsl_main=yes
ac_cv_lib_pthread_main=yes
ac_cv_lib_readline_readline=no
ac_cv_lib_socket_main=no
ac_cv_objext=o
ac_cv_path_EGREP='/bin/grep -E'
ac_cv_path_GREP=/bin/grep
ac_cv_path_install='/usr/bin/install -c'
ac_cv_path_itkwish_path=no
ac_cv_path_java_path=/usr/bin/javac
ac_cv_prog_CPP='gcc -E'
ac_cv_prog_ac_ct_CC=gcc
ac_cv_prog_cc_c89=
ac_cv_prog_cc_g=yes
ac_cv_prog_has_gcc=yes
ac_cv_prog_make_make_set=yes
ac_cv_safe_to_define___extensions__=yes
ac_cv_sizeof_long_int=8
ac_cv_type_signal=void

## ----------------- ##
## Output variables. ##
## ----------------- ##

CC='gcc'
CFLAGS='  -O3 -fno-strict-aliasing   -fPIC -Wall -pipe -fsigned-char   '
CPP='gcc -E'
CPPFLAGS=''
CROSS_SIMULATOR=''
CXX=''
CXXFLAGS=''
DEFS='-DHAVE_CONFIG_H'
DLLTYPE='nodll'
DYNMOD_LDFLAGS='-shared'
DYNMOD_SHAREDLIB_EXTENSION='so'
ECHO_C=''
ECHO_N='-n'
ECHO_T=''
EGREP='/bin/grep -E'
EXEEXT=''
GPPCFLAGS=''
GPPWNTFLAG=''
GREP='/bin/grep'
INSTALL_DATA='${INSTALL} -m 644'
INSTALL_PROGRAM='${INSTALL}'
INSTALL_SCRIPT='${INSTALL}'
INTERPROLOGOBJ=''
INTERPROLOGSRC=''
JAVA_HEADER_PATH=''
JAVA_PLATFORM_HEADER_PATH=''
LD='gcc'
LDFLAGS='  -lm -ldl -Wl,-export-dynamic -lpthread'
LIBOBJS=''
LIBS=' -lpthread -lnsl -ldl -lm '
LTLIBOBJS=''
MEMFLAG=''
OBJEXT='o'
ODBCOBJ=''
ODBCSRC=''
ODBC_CFLAGS=''
PACKAGE_BUGREPORT=''
PACKAGE_NAME=''
PACKAGE_STRING=''
PACKAGE_TARNAME=''
PACKAGE_URL=''
PACKAGE_VERSION=''
PATH_SEPARATOR=':'
SET_MAKE=''
SHELL='/bin/sh'
XASPDEFFILE=''
XASPLIBNAME=''
XSBMOD_LDFLAGS=' -nodefaultlibs -nostartfiles '
XSB_INTERPROLOG=''
ac_ct_CC='gcc'
ac_ct_CXX=''
arch_bindir='/home/ubunt-test/Downloads/star/repos/XSB/config/x86_64-pc-linux-gnu/bin'
arch_config_file='/home/ubunt-test/Downloads/star/repos/XSB/config/x86_64-pc-linux-gnu/lib/xsb_configuration.P'
arch_config_libdir='/home/ubunt-test/Downloads/star/repos/XSB/config/x86_64-pc-linux-gnu/lib'
arch_config_prefix='/home/ubunt-test/Downloads/star/repos/XSB/config/x86_64-pc-linux-gnu'
arch_install_config_prefix='/home/ubunt-test/Downloads/star/repos/XSB/config/x86_64-pc-linux-gnu'
bindir='${exec_prefix}/bin'
build='x86_64-pc-linux-gnu'
build_alias=''
build_cpu='x86_64'
build_os='linux-gnu'
build_vendor='pc'
builtinsCFLAGS=' -O3 -fno-strict-aliasing   -fPIC -Wall -pipe -fsigned-char '
call_scheme='__cdecl'
canonical='x86_64-pc-linux-gnu'
compile_mode='optimal'
config_ln_command='ln -s '
config_tag=''
datadir='${datarootdir}'
datarootdir='${prefix}/share'
docdir='${datarootdir}/doc/${PACKAGE}'
dvidir='${docdir}'
emudir='/home/ubunt-test/Downloads/star/repos/XSB/emu'
emuloopCFLAGS=' -O3 -fno-strict-aliasing   -fPIC -Wall -pipe -fsigned-char '
emumake_goal='xsb'
engine_mode='slg-wam'
exec_prefix='${prefix}'
force_dynmodule='yes'
full_config_name='x86_64-pc-linux-gnu'
has_gcc='yes'
host='x86_64-pc-linux-gnu'
host_alias=''
host_cpu='x86_64'
host_os='linux-gnu'
host_vendor='pc'
htmldir='${docdir}'
includedir='${prefix}/include'
infodir='${datarootdir}/info'
itkwish_path='no'
java_compiler='/usr/bin/javac'
java_path='/usr/include'
libdir='/home/ubunt-test/Downloads/star/repos/XSB/lib'
libexecdir='${exec_prefix}/libexec'
loaderCFLAGS=' -O3 -fno-strict-aliasing   -fPIC -Wall -pipe -fsigned-char '
localedir='${datarootdir}/locale'
localstatedir='${prefix}/var'
mandir='${datarootdir}/man'
mno_cyg_inclib=''
mno_cyg_lib=''
mt_mode=''
oldincludedir='/usr/include'
os_type='linux-gnu'
os_version=''
pdfdir='${docdir}'
prefix='/home/ubunt-test/Downloads/star/repos/XSB'
program_transform_name='s,x,x,'
psdir='${docdir}'
regmatch_support='yes'
release_day='15'
release_month='5'
release_monthname='May'
release_year='2022'
runstatedir='${localstatedir}/run'
sbindir='${exec_prefix}/sbin'
sharedstatedir='${prefix}/com'
site_prefix='/home/ubunt-test/Downloads/star/repos/XSB/site'
smoCFLAGS=''
smoLDFLAGS=''
smoLIB=''
smodels_goal='nope'
sysconfdir='${prefix}/etc'
target_alias=''
topdir='/home/ubunt-test/Downloads/star/repos/XSB'
trutilsCFLAGS=' -O3 -fno-strict-aliasing   -fPIC -Wall -pipe -fsigned-char '
wildmatch_support='yes'
with_smodels=''
word_size='64'
xsb_beta_version=''
xsb_build_date='2023-03-08'
xsb_codename='Green Tea'
xsb_full_version_name='5.0.0 (Green Tea)'
xsb_major_version='5'
xsb_minor_version='0'
xsb_obj_extension='.xwam'
xsb_patch_date='Build date: 2023-03-08'
xsb_patch_version='0'
xsb_release_date='2022-05-15'
xsb_scheduling_strategy='local'
xsb_version='5.0.0'

## ----------- ##
## confdefs.h. ##
## ----------- ##

/* confdefs.h */
#define PACKAGE_NAME ""
#define PACKAGE_TARNAME ""
#define PACKAGE_VERSION ""
#define PACKAGE_STRING ""
#define PACKAGE_BUGREPORT ""
#define PACKAGE_URL ""
#define CONFIG_INCLUDED 1
#define ___ALWAYS_TRUE___ 1
#define XSB_VERSION "5.0.0 (Green Tea)"
#define RELEASE_DATE 2022-05-15
#define RELEASE_YEAR 2022
#define RELEASE_MONTH 5
#define RELEASE_DAY 15
#define LOCAL_EVAL 1
#define GC 1
#define SLG_GC 1
#define STDC_HEADERS 1
#define HAVE_SYS_TYPES_H 1
#define HAVE_SYS_STAT_H 1
#define HAVE_STDLIB_H 1
#define HAVE_STRING_H 1
#define HAVE_MEMORY_H 1
#define HAVE_STRINGS_H 1
#define HAVE_INTTYPES_H 1
#define HAVE_STDINT_H 1
#define HAVE_UNISTD_H 1
#define __EXTENSIONS__ 1
#define _ALL_SOURCE 1
#define _GNU_SOURCE 1
#define _POSIX_PTHREAD_SEMANTICS 1
#define _TANDEM_SOURCE 1
#define CC "gcc"
#define SIZEOF_LONG_INT 8
#define BITS64 1
#define HAVE_LIBM 1
#define HAVE_LIBDL 1
#define HAVE_LIBNSL 1
#define HAVE_LIBPTHREAD 1
#define HAVE_STDARG_H 1
#define HAVE_SYS_TIME_H 1
#define TIME_WITH_SYS_TIME 1
#define HAVE_MALLOC 1
#define HAVE_UNISTD_H 1
#define HAVE_STRING_H 1
#define HAVE_STDLIB_H 1
#define RETSIGTYPE void
#define HAVE_STRDUP 1
#define HAVE_MKDIR 1
#define HAVE_GETHOSTBYNAME 1
#define HAVE_GETTIMEOFDAY 1
#define HAVE_SOCKET 1
#define HAVE_SNPRINTF 1
#define HAVE_REGEXEC 1
#define HAVE_REGERROR 1
#define HAVE_REGCOMP 1
#define HAVE_FNMATCH 1
#define HAVE_GLOB 1
#define HAVE_GLOBFREE 1
#define HAVE_EXECVP 1
#define JUMPTABLE_EMULOOP 1
#define INSN_BLOCKS 1
#define LINUX 1
#define _GNU_SOURCE 1
#define LINUX_ELF 1
#define FOREIGN_ELF 1
#define HAVE_SYS_RESOURCE_H 1
#define CONFIGURATION "x86_64-pc-linux-gnu"
#define FULL_CONFIG_NAME "x86_64-pc-linux-gnu"

configure: exit 0
